<?xml version="1.0" encoding="UTF-8" ?>
<testsuite tests="6" failures="0" name="GraphTest" time="0.204" errors="0" skipped="0">
  <properties>
[...]
</properties>
  <testcase classname="GraphTest" name="addEdge" time="0.014"/>
  <testcase classname="GraphTest" name="addNode" time="0"/>
  <testcase classname="GraphTest" name="clear" time="0.151"/>
  <testcase classname="GraphTest" name="saveGraph" time="0.019"/>
  <testcase classname="GraphTest" name="readFromFile" time="0.001"/>
  <testcase classname="GraphTest" name="generateGraph" time="0.019"/>
</testsuite>